<?xml version="1.0" encoding="UTF-8"?>
<!-- Generated by org.testng.reporters.JUnitXMLReporter -->
<testsuite ignored="1" hostname="Sandy" failures="0" tests="1" name="Test-edge" time="45.964" errors="0" timestamp="2022-09-02T15:52:12 IST">
  <testcase classname="com.crm.VTiger.TestCases.OrgTCSTest" name="validateOrg" time="28.859"/>
  <testcase classname="com.crm.VTiger.TestCases.OrgTCSTest" name="creOrg" time="0.0">
    <ignored/>
  </testcase> <!-- creOrg -->
</testsuite> <!-- Test-edge -->
