<?xml version="1.0" encoding="UTF-8"?>
<!-- Generated by org.testng.reporters.JUnitXMLReporter -->
<testsuite ignored="1" hostname="Sandy" failures="0" tests="1" name="Test-2" time="40.786" errors="0" timestamp="2022-09-02T15:16:35 IST">
  <testcase classname="com.crm.VTiger.TestCases.OrgTCSTest" name="validateOrg" time="25.493"/>
  <testcase classname="com.crm.VTiger.TestCases.OrgTCSTest" name="creOrg" time="0.0">
    <ignored/>
  </testcase> <!-- creOrg -->
</testsuite> <!-- Test-2 -->
