<?xml version="1.0" encoding="UTF-8"?>
<!-- Generated by org.testng.reporters.JUnitXMLReporter -->
<testsuite ignored="1" hostname="Sandy" failures="0" tests="1" name="Test-1" time="43.269" errors="0" timestamp="2022-09-02T15:16:37 IST">
  <testcase classname="com.crm.VTiger.TestCases.OrgTCSTest" name="creOrg" time="28.303"/>
  <testcase classname="com.crm.VTiger.TestCases.OrgTCSTest" name="validateOrg" time="0.0">
    <ignored/>
  </testcase> <!-- validateOrg -->
</testsuite> <!-- Test-1 -->
