<?xml version="1.0" encoding="UTF-8"?>
<!-- Generated by org.testng.reporters.JUnitXMLReporter -->
<testsuite ignored="1" hostname="Sandy" failures="0" tests="1" name="Test-chrome" time="49.144" errors="0" timestamp="2022-09-02T15:52:16 IST">
  <testcase classname="com.crm.VTiger.TestCases.OrgTCSTest" name="creOrg" time="30.831"/>
  <testcase classname="com.crm.VTiger.TestCases.OrgTCSTest" name="validateOrg" time="0.0">
    <ignored/>
  </testcase> <!-- validateOrg -->
</testsuite> <!-- Test-chrome -->
