<?xml version="1.0" encoding="UTF-8"?>
<!-- Generated by org.testng.reporters.JUnitXMLReporter -->
<testsuite hostname="Sandy" ignored="1" name="Test-2" tests="1" failures="0" timestamp="2022-09-09T17:01:55 IST" time="35.101" errors="0">
  <testcase name="validateOrg" time="19.662" classname="com.crm.VTiger.TestCases.OrgTCSTest"/>
  <testcase name="creOrg" time="0.0" classname="com.crm.VTiger.TestCases.OrgTCSTest">
    <ignored/>
  </testcase> <!-- creOrg -->
</testsuite> <!-- Test-2 -->
