<?xml version="1.0" encoding="UTF-8"?>
<!-- Generated by org.testng.reporters.JUnitXMLReporter -->
<testsuite hostname="Sandy" ignored="1" name="Test-1" tests="1" failures="0" timestamp="2022-09-09T17:01:58 IST" time="38.515" errors="0">
  <testcase name="creOrg" time="23.744" classname="com.crm.VTiger.TestCases.OrgTCSTest"/>
  <testcase name="validateOrg" time="0.0" classname="com.crm.VTiger.TestCases.OrgTCSTest">
    <ignored/>
  </testcase> <!-- validateOrg -->
</testsuite> <!-- Test-1 -->
