<?xml version="1.0" encoding="UTF-8"?>
<!-- Generated by org.testng.reporters.JUnitXMLReporter -->
<testsuite hostname="Sandy" ignored="1" name="Test-edge" tests="1" failures="0" timestamp="2022-09-09T17:10:19 IST" time="37.862" errors="0">
  <testcase name="validateOrg" time="21.23" classname="com.crm.VTiger.TestCases.OrgTCSTest"/>
  <testcase name="creOrg" time="0.0" classname="com.crm.VTiger.TestCases.OrgTCSTest">
    <ignored/>
  </testcase> <!-- creOrg -->
</testsuite> <!-- Test-edge -->
