<?xml version="1.0" encoding="UTF-8"?>
<!-- Generated by org.testng.reporters.JUnitReportReporter -->
<testsuite hostname="Sandy" failures="0" tests="3" name="TestAnno.DemoTest" time="0.017" errors="0" timestamp="2022-08-30T16:19:15 IST" skipped="0">
  <testcase classname="TestAnno.DemoTest" name="orgTest" time="0.013"/>
  <system-out/>
  <testcase classname="TestAnno.DemoTest" name="contactTest" time="0.002"/>
  <system-out/>
  <testcase classname="TestAnno.DemoTest" name="industryTest" time="0.002"/>
  <system-out/>
</testsuite> <!-- TestAnno.DemoTest -->
