<?xml version="1.0" encoding="UTF-8"?>
<!-- Generated by org.testng.reporters.JUnitReportReporter -->
<testsuite hostname="Sandy" failures="0" tests="1" name="jDBC.InsertdatIntoDB" time="0.406" errors="0" timestamp="2022-09-16T16:55:46 IST" skipped="0">
  <testcase classname="jDBC.InsertdatIntoDB" name="insertData" time="0.406"/>
  <system-out/>
</testsuite> <!-- jDBC.InsertdatIntoDB -->
