<?xml version="1.0" encoding="UTF-8"?>
<!-- Generated by org.testng.reporters.JUnitReportReporter -->
<testsuite hostname="Sandy" failures="0" tests="2" name="TestAnno.RunningMulTCs" time="0.009" errors="0" timestamp="2022-09-01T09:47:58 IST" skipped="0">
  <testcase classname="TestAnno.RunningMulTCs" name="createOrgTest" time="0.007"/>
  <system-out/>
  <testcase classname="TestAnno.RunningMulTCs" name="createContact" time="0.002"/>
  <system-out/>
</testsuite> <!-- TestAnno.RunningMulTCs -->
