<?xml version="1.0" encoding="UTF-8"?>
<!-- Generated by org.testng.reporters.JUnitReportReporter -->
<testsuite hostname="Sandy" failures="0" tests="1" name="com.crm.VTiger.TestCases.ConvertLeadtoOppTest" time="32.124" errors="0" timestamp="2022-09-06T12:54:01 IST" skipped="0">
  <testcase classname="com.crm.VTiger.TestCases.ConvertLeadtoOppTest" name="conLeadtoOppTest" time="32.124"/>
  <system-out/>
</testsuite> <!-- com.crm.VTiger.TestCases.ConvertLeadtoOppTest -->
