<?xml version="1.0" encoding="UTF-8"?>
<!-- Generated by org.testng.reporters.JUnitReportReporter -->
<testsuite hostname="Sandy" failures="0" tests="3" name="TestAnno.DataProviderTest" time="0.013" errors="0" timestamp="2022-08-30T16:45:01 IST" skipped="0">
  <testcase classname="TestAnno.DataProviderTest" name="getMultipleData" time="0.002"/>
  <system-out/>
  <testcase classname="TestAnno.DataProviderTest" name="getMultipleData" time="0.001"/>
  <system-out/>
  <testcase classname="TestAnno.DataProviderTest" name="getMultipleData" time="0.010"/>
  <system-out/>
</testsuite> <!-- TestAnno.DataProviderTest -->
