<?xml version="1.0" encoding="UTF-8"?>
<!-- Generated by org.testng.reporters.JUnitReportReporter -->
<testsuite hostname="Sandy" failures="0" tests="1" name="jDBC.ConnectingToDB" time="0.454" errors="0" timestamp="2022-09-16T15:52:22 IST" skipped="0">
  <testcase classname="jDBC.ConnectingToDB" name="readdataFromDataBase" time="0.454"/>
  <system-out/>
</testsuite> <!-- jDBC.ConnectingToDB -->
