<?xml version="1.0" encoding="UTF-8"?>
<!-- Generated by org.testng.reporters.JUnitReportReporter -->
<testsuite hostname="Sandy" failures="0" tests="1" name="jDBC.ConnectingToDBUsingTCBlock" time="0.379" errors="0" timestamp="2022-09-16T16:23:08 IST" skipped="0">
  <testcase classname="jDBC.ConnectingToDBUsingTCBlock" name="readdataFromDataBase" time="0.379"/>
  <system-out/>
</testsuite> <!-- jDBC.ConnectingToDBUsingTCBlock -->
