<?xml version="1.0" encoding="UTF-8"?>
<!-- Generated by org.testng.reporters.JUnitReportReporter -->
<testsuite hostname="Sandy" failures="0" tests="1" name="com.crm.VTiger.TestCases.CreateOrganisationwithIndustryType" time="28.608" errors="0" timestamp="2022-09-15T21:39:33 IST" skipped="0">
  <testcase classname="com.crm.VTiger.TestCases.CreateOrganisationwithIndustryType" name="creOrg" time="28.608"/>
  <system-out/>
</testsuite> <!-- com.crm.VTiger.TestCases.CreateOrganisationwithIndustryType -->
