<?xml version="1.0" encoding="UTF-8"?>
<!-- Generated by org.testng.reporters.JUnitReportReporter -->
<testsuite hostname="Sandy" failures="0" tests="1" name="com.crm.VTiger.TestCases.ValidateContactNameTest" time="18.120" errors="0" timestamp="2022-09-05T16:18:58 IST" skipped="0">
  <testcase classname="com.crm.VTiger.TestCases.ValidateContactNameTest" name="valContactname" time="18.120"/>
  <system-out/>
</testsuite> <!-- com.crm.VTiger.TestCases.ValidateContactNameTest -->
