<?xml version="1.0" encoding="UTF-8"?>
<!-- Generated by org.testng.reporters.JUnitReportReporter -->
<testsuite hostname="Sandy" failures="0" tests="1" name="SeleniumPackage.ToGetToolTip" time="12.384" errors="0" timestamp="2022-09-12T11:20:55 IST" skipped="0">
  <testcase classname="SeleniumPackage.ToGetToolTip" name="lenskart" time="12.384"/>
  <system-out/>
</testsuite> <!-- SeleniumPackage.ToGetToolTip -->
