<?xml version="1.0" encoding="UTF-8"?>
<!-- Generated by org.testng.reporters.JUnitReportReporter -->
<testsuite hostname="Sandy" failures="0" tests="1" name="com.crm.VTiger.TestCases.ValidateOrganisationNameTest" time="26.052" errors="0" timestamp="2022-09-15T21:43:21 IST" skipped="0">
  <testcase classname="com.crm.VTiger.TestCases.ValidateOrganisationNameTest" name="validateOrg" time="26.052"/>
  <system-out/>
</testsuite> <!-- com.crm.VTiger.TestCases.ValidateOrganisationNameTest -->
