<?xml version="1.0" encoding="UTF-8"?>
<!-- Generated by org.testng.reporters.JUnitReportReporter -->
<testsuite hostname="Sandy" failures="0" tests="1" name="SeleniumPackage.ExtReport" time="11.867" errors="0" timestamp="2022-09-06T16:49:26 IST" skipped="0">
  <testcase classname="SeleniumPackage.ExtReport" name="generateReport" time="11.867"/>
  <system-out/>
</testsuite> <!-- SeleniumPackage.ExtReport -->
