<?xml version="1.0" encoding="UTF-8"?>
<!-- Generated by org.testng.reporters.JUnitReportReporter -->
<testsuite hostname="Sandy" failures="0" tests="1" name="com.crm.VTiger.TestCases.CreateOrganisationwithIndustryType" time="15.970" errors="0" timestamp="2022-09-07T14:54:55 IST" skipped="0">
  <testcase classname="com.crm.VTiger.TestCases.CreateOrganisationwithIndustryType" name="creOrg" time="15.970"/>
  <system-out/>
</testsuite> <!-- com.crm.VTiger.TestCases.CreateOrganisationwithIndustryType -->
