<?xml version="1.0" encoding="UTF-8"?>
<!-- Generated by org.testng.reporters.JUnitReportReporter -->
<testsuite hostname="Sandy" failures="0" tests="5" name="TestAnno.CountTest" time="0.024" errors="0" timestamp="2022-08-30T16:38:57 IST" skipped="0">
  <testcase classname="TestAnno.CountTest" name="industryTest" time="0.007"/>
  <system-out/>
  <testcase classname="TestAnno.CountTest" name="contactTest" time="0.013"/>
  <system-out/>
  <testcase classname="TestAnno.CountTest" name="industryTest" time="0.002"/>
  <system-out/>
  <testcase classname="TestAnno.CountTest" name="industryTest" time="0.001"/>
  <system-out/>
  <testcase classname="TestAnno.CountTest" name="orgTest" time="0.001"/>
  <system-out/>
</testsuite> <!-- TestAnno.CountTest -->
