<?xml version="1.0" encoding="UTF-8"?>
<!-- Generated by org.testng.reporters.JUnitReportReporter -->
<testsuite hostname="Sandy" failures="0" tests="3" name="TestAnno.EnableTest" time="0.014" errors="0" timestamp="2022-08-30T16:36:41 IST" skipped="1">
  <testcase classname="TestAnno.EnableTest" name="contactTest" time="0.012"/>
  <system-out/>
  <testcase classname="TestAnno.EnableTest" name="orgTest" time="0.002"/>
  <system-out/>
  <testcase classname="TestAnno.EnableTest" name="industryTest">
    <skipped/>
  </testcase> <!-- industryTest -->
  <system-out/>
</testsuite> <!-- TestAnno.EnableTest -->
