<?xml version="1.0" encoding="UTF-8"?>
<!-- Generated by org.testng.reporters.JUnitReportReporter -->
<testsuite hostname="Sandy" failures="0" tests="1" name="SeleniumPackage.ChromeOpTest" time="6.757" errors="0" timestamp="2022-09-14T16:59:20 IST" skipped="0">
  <testcase classname="SeleniumPackage.ChromeOpTest" name="chromeOpTest" time="6.757"/>
  <system-out/>
</testsuite> <!-- SeleniumPackage.ChromeOpTest -->
