<?xml version="1.0" encoding="UTF-8"?>
<!-- Generated by org.testng.reporters.JUnitReportReporter -->
<testsuite hostname="Sandy" failures="0" tests="1" name="SeleniumPackage.CompareAmazonandFlipkartprice" time="85.790" errors="0" timestamp="2022-09-09T11:12:32 IST" skipped="0">
  <testcase classname="SeleniumPackage.CompareAmazonandFlipkartprice" name="compareAmazonFlipkart" time="85.790"/>
  <system-out/>
</testsuite> <!-- SeleniumPackage.CompareAmazonandFlipkartprice -->
