<?xml version="1.0" encoding="UTF-8"?>
<!-- Generated by org.testng.reporters.JUnitReportReporter -->
<testsuite hostname="Sandy" failures="0" tests="1" name="SeleniumPackage.PrintDate" time="0.040" errors="0" timestamp="2022-09-05T15:58:18 IST" skipped="0">
  <testcase classname="SeleniumPackage.PrintDate" name="date" time="0.040"/>
  <system-out/>
</testsuite> <!-- SeleniumPackage.PrintDate -->
