<?xml version="1.0" encoding="UTF-8"?>
<!-- Generated by org.testng.reporters.JUnitReportReporter -->
<testsuite hostname="Sandy" failures="0" tests="3" name="TestAnno.DependOnMetTest" time="0.018" errors="0" timestamp="2022-08-30T16:21:20 IST" skipped="0">
  <testcase classname="TestAnno.DependOnMetTest" name="industryTest" time="0.002"/>
  <system-out/>
  <testcase classname="TestAnno.DependOnMetTest" name="contactTest" time="0.001"/>
  <system-out/>
  <testcase classname="TestAnno.DependOnMetTest" name="orgTest" time="0.015"/>
  <system-out/>
</testsuite> <!-- TestAnno.DependOnMetTest -->
