<?xml version="1.0" encoding="UTF-8"?>
<!-- Generated by org.testng.reporters.JUnitReportReporter -->
<testsuite hostname="Sandy" failures="0" tests="1" name="com.crm.VTiger.TestCases.CreateContactwithOrganisationTest" time="23.797" errors="0" timestamp="2022-09-15T21:43:21 IST" skipped="0">
  <testcase classname="com.crm.VTiger.TestCases.CreateContactwithOrganisationTest" name="contactTest" time="23.797"/>
  <system-out/>
</testsuite> <!-- com.crm.VTiger.TestCases.CreateContactwithOrganisationTest -->
