<?xml version="1.0" encoding="UTF-8"?>
<!-- Generated by org.testng.reporters.JUnitReportReporter -->
<testsuite hostname="Sandy" failures="0" tests="2" name="com.crm.VTiger.TestCases.OrgTCSTest" time="59.425" errors="0" timestamp="2022-09-02T17:04:08 IST" skipped="0">
  <testcase classname="com.crm.VTiger.TestCases.OrgTCSTest" name="validateOrg" time="27.760"/>
  <system-out>
    <![CDATA[Organisation validated]]>
  </system-out>
  <testcase classname="com.crm.VTiger.TestCases.OrgTCSTest" name="creOrg" time="31.665"/>
  <system-out>
    <![CDATA[Organisation created]]>
  </system-out>
</testsuite> <!-- com.crm.VTiger.TestCases.OrgTCSTest -->
