<?xml version="1.0" encoding="UTF-8"?>
<!-- Generated by org.testng.reporters.JUnitReportReporter -->
<testsuite skipped="0" hostname="Sandy" name="com.crm.VTiger.TestCases.ValidateOrganisationNameTest" tests="1" failures="0" timestamp="2022-09-09T17:09:09 IST" time="24.782" errors="0">
  <testcase name="validateOrg" time="24.782" classname="com.crm.VTiger.TestCases.ValidateOrganisationNameTest"/>
  <system-out/>
</testsuite> <!-- com.crm.VTiger.TestCases.ValidateOrganisationNameTest -->
