<?xml version="1.0" encoding="UTF-8"?>
<!-- Generated by org.testng.reporters.JUnitReportReporter -->
<testsuite skipped="0" hostname="Sandy" name="com.crm.VTiger.TestCases.ValidateContactNameTest" tests="1" failures="0" timestamp="2022-09-09T17:09:09 IST" time="30.710" errors="0">
  <testcase name="valContactname" time="30.710" classname="com.crm.VTiger.TestCases.ValidateContactNameTest"/>
  <system-out/>
</testsuite> <!-- com.crm.VTiger.TestCases.ValidateContactNameTest -->
