<?xml version="1.0" encoding="UTF-8"?>
<!-- Generated by org.testng.reporters.JUnitReportReporter -->
<testsuite skipped="0" hostname="Sandy" name="com.crm.VTiger.TestCases.OrgTCSTest" tests="2" failures="0" timestamp="2022-09-09T17:10:23 IST" time="68.838" errors="0">
  <testcase name="creOrg" time="36.304" classname="com.crm.VTiger.TestCases.OrgTCSTest"/>
  <system-out>
    <![CDATA[Organisation created]]>
  </system-out>
  <testcase name="validateOrg" time="32.534" classname="com.crm.VTiger.TestCases.OrgTCSTest"/>
  <system-out>
    <![CDATA[Organisation validated]]>
  </system-out>
</testsuite> <!-- com.crm.VTiger.TestCases.OrgTCSTest -->
